<?xml version="1.0" encoding="UTF-8"?>
<!-- Generated by org.testng.reporters.JUnitReportReporter -->
<testsuite hostname="LAPTOP-FB3E7NT5" failures="0" tests="1" name="com.qa.tests.GetAPITest" time="22.394" errors="0" timestamp="25 Nov 2021 08:41:22 GMT">
  <testcase classname="com.qa.tests.GetAPITest" name="getTest" time="22.394"/>
</testsuite> <!-- com.qa.tests.GetAPITest -->
