<?xml version="1.0" encoding="UTF-8"?>
<!-- Generated by org.testng.reporters.JUnitReportReporter -->
<testsuite hostname="LAPTOP-FB3E7NT5" failures="0" tests="1" name="com.qa.tests.PostAPITest" time="23.331" errors="0" timestamp="26 Nov 2021 13:37:30 GMT">
  <testcase classname="com.qa.tests.PostAPITest" name="postAPITest" time="23.331"/>
</testsuite> <!-- com.qa.tests.PostAPITest -->
